[2015/03/03 00:00:02] [15068-54F48901.00066DE2] Error job run/54F48901.00066DE2 (mqueue_open:Permission denied).
[2015/03/03 00:08:15] [14975-119874114-qq.com_1425312487.4772375.eml] Mail.RR <119874114_149_0@online-edm.com> -> <119874114@qq.com> (集享卡会员帐号激活/1544)[OK][MGHAM--0][MGTAGLOG ][utf-8]
[2015/03/03 00:10:03] [15068-54F48B59.00097B81] Error job run/54F48B59.00097B81 (mqueue_open:Permission denied).
[2015/03/03 00:20:03] [15027-54F48DB1.000A42C6] Error job run/54F48DB1.000A42C6 (mqueue_open:Permission denied).
[2015/03/03 00:30:03] [15068-54F49009.000986AA] Error job run/54F49009.000986AA (mqueue_open:Permission denied).
[2015/03/03 00:40:02] [15068-54F49261.00084575] Error job run/54F49261.00084575 (mqueue_open:Permission denied).
[2015/03/03 00:50:02] [15027-54F494B9.00079A84] Error job run/54F494B9.00079A84 (mqueue_open:Permission denied).
[2015/03/03 01:00:02] [15026-54F49711.0007A1EF] Error job run/54F49711.0007A1EF (mqueue_open:Permission denied).
[2015/03/03 01:00:02] [15026-54F49711.0009349B] Error job run/54F49711.0009349B (mqueue_open:Permission denied).
[2015/03/03 01:10:02] [15068-54F49969.00073C4F] Error job run/54F49969.00073C4F (mqueue_open:Permission denied).
[2015/03/03 01:10:03] [MASTER] Warning -- Mailer 14783 exited.(0)
[2015/03/03 01:10:03] [MASTER] Warning -- Mailer 14784 exited.(0)
[2015/03/03 01:10:03] [MASTER] Warning -- Mailer 14793 exited.(0)
[2015/03/03 01:10:03] [MASTER] Warning -- Mailer 14799 exited.(0)
[2015/03/03 01:10:03] [MASTER] Warning -- Mailer 14899 exited.(0)
[2015/03/03 01:10:03] [MASTER] Warning -- Mailer 14900 exited.(0)
[2015/03/03 01:10:03] [MASTER] Warning -- Mailer 14955 exited.(0)
[2015/03/03 01:10:03] [MASTER] Warning -- Mailer 14974 exited.(0)
[2015/03/03 01:10:03] [MASTER] Warning -- Mailer 15026 exited.(0)
[2015/03/03 01:10:03] [MASTER] Warning -- Mailer 15027 exited.(0)
[2015/03/03 01:10:03] [MASTER] Warning -- Mailer 15046 exited.(0)
[2015/03/03 01:10:03] [MASTER] Warning -- Mailer 15047 exited.(0)
[2015/03/03 01:10:03] [MASTER] Warning -- Mailer 15063 exited.(0)
[2015/03/03 01:10:03] [MASTER] Warning -- Mailer 15064 exited.(0)
[2015/03/03 01:10:03] [MASTER] Warning -- Mailer 15067 exited.(0)
[2015/03/03 01:10:03] [MASTER] Warning -- Mailer 15068 exited.(0)
[2015/03/03 01:10:03] [MASTER] Warning -- Mailer 14954 exited.(0)
[2015/03/03 01:10:03] [MASTER] Warning -- Mailer 14840 exited.(0)
[2015/03/03 01:10:03] [MASTER] Warning -- Mailer 14841 exited.(0)
[2015/03/03 01:10:03] [MASTER] Warning -- Mailer 14965 exited.(0)
[2015/03/03 01:10:03] [MASTER] Warning -- Mailer 14966 exited.(0)
[2015/03/03 01:10:03] [MASTER] Warning -- Mailer 14975 exited.(0)
[2015/03/03 01:10:03] [MASTER] Warning -- Mailer 14980 exited.(0)
[2015/03/03 01:10:03] [MASTER] Warning -- Mailer 14981 exited.(0)
[2015/03/03 01:10:03] [MASTER] Warning -- Mailer 15022 exited.(0)
[2015/03/03 01:10:03] [MASTER] Warning -- Mailer 15023 exited.(0)
[2015/03/03 01:10:03] [MASTER] Warning -- Mailer 15037 exited.(0)
[2015/03/03 01:10:03] [MASTER] Warning -- Mailer 15038 exited.(0)
[2015/03/03 01:10:03] [MASTER] Warning -- Mailer 15052 exited.(0)
[2015/03/03 01:10:03] [MASTER] Warning -- Mailer 15053 exited.(0)
[2015/03/03 01:10:03] [MASTER] Warning -- Mailer 15078 exited.(0)
[2015/03/03 01:10:03] [MASTER] Warning -- Mailer 15079 exited.(0)
[2015/03/03 01:10:03] [MASTER] Shutdown successfully.
[2015/03/03 01:20:04] [5546-54F49BC1.0003BF39] Error job run/54F49BC1.0003BF39 (mqueue_open:Permission denied).
[2015/03/03 01:30:04] [5546-54F49E19.00033398] Error job run/54F49E19.00033398 (mqueue_open:Permission denied).
[2015/03/03 01:40:04] [5546-54F4A071.00022926] Error job run/54F4A071.00022926 (mqueue_open:Permission denied).
[2015/03/03 01:50:04] [5546-54F4A2C9.000157D4] Error job run/54F4A2C9.000157D4 (mqueue_open:Permission denied).
[2015/03/03 02:00:04] [5546-54F4A521.0000A7E5] Error job run/54F4A521.0000A7E5 (mqueue_open:Permission denied).
[2015/03/03 02:10:04] [5546-54F4A77A.000303C1] Error job run/54F4A77A.000303C1 (mqueue_open:Permission denied).
[2015/03/03 02:10:04] [MASTER] Warning -- Mailer 5360 exited.(0)
[2015/03/03 02:10:04] [MASTER] Warning -- Mailer 5361 exited.(0)
[2015/03/03 02:10:04] [MASTER] Warning -- Mailer 5420 exited.(0)
[2015/03/03 02:10:04] [MASTER] Warning -- Mailer 5421 exited.(0)
[2015/03/03 02:10:04] [MASTER] Warning -- Mailer 5472 exited.(0)
[2015/03/03 02:10:04] [MASTER] Warning -- Mailer 5473 exited.(0)
[2015/03/03 02:10:04] [MASTER] Warning -- Mailer 5534 exited.(0)
[2015/03/03 02:10:04] [MASTER] Warning -- Mailer 5535 exited.(0)
[2015/03/03 02:10:04] [MASTER] Warning -- Mailer 5545 exited.(0)
[2015/03/03 02:10:04] [MASTER] Warning -- Mailer 5546 exited.(0)
[2015/03/03 02:10:04] [MASTER] Warning -- Mailer 5549 exited.(0)
[2015/03/03 02:10:04] [MASTER] Warning -- Mailer 5550 exited.(0)
[2015/03/03 02:10:04] [MASTER] Warning -- Mailer 5560 exited.(0)
[2015/03/03 02:10:04] [MASTER] Warning -- Mailer 5561 exited.(0)
[2015/03/03 02:10:04] [MASTER] Warning -- Mailer 5564 exited.(0)
[2015/03/03 02:10:04] [MASTER] Warning -- Mailer 5565 exited.(0)
[2015/03/03 02:10:04] [MASTER] Warning -- Mailer 5606 exited.(0)
[2015/03/03 02:10:04] [MASTER] Warning -- Mailer 5607 exited.(0)
[2015/03/03 02:10:04] [MASTER] Warning -- Mailer 5617 exited.(0)
[2015/03/03 02:10:04] [MASTER] Warning -- Mailer 5618 exited.(0)
[2015/03/03 02:10:04] [MASTER] Warning -- Mailer 5621 exited.(0)
[2015/03/03 02:10:04] [MASTER] Warning -- Mailer 5622 exited.(0)
[2015/03/03 02:10:04] [MASTER] Warning -- Mailer 5632 exited.(0)
[2015/03/03 02:10:04] [MASTER] Warning -- Mailer 5633 exited.(0)
[2015/03/03 02:10:04] [MASTER] Warning -- Mailer 5636 exited.(0)
[2015/03/03 02:10:04] [MASTER] Warning -- Mailer 5637 exited.(0)
[2015/03/03 02:10:04] [MASTER] Warning -- Mailer 5647 exited.(0)
[2015/03/03 02:10:04] [MASTER] Warning -- Mailer 5648 exited.(0)
[2015/03/03 02:10:04] [MASTER] Warning -- Mailer 5658 exited.(0)
[2015/03/03 02:10:04] [MASTER] Warning -- Mailer 5659 exited.(0)
[2015/03/03 02:10:04] [MASTER] Warning -- Mailer 5662 exited.(0)
[2015/03/03 02:10:04] [MASTER] Warning -- Mailer 5663 exited.(0)
[2015/03/03 02:10:04] [MASTER] Shutdown successfully.
[2015/03/03 02:20:04] [17163-54F4A9D1.000AA9EC] Error job run/54F4A9D1.000AA9EC (mqueue_open:Permission denied).
[2015/03/03 02:30:04] [17121-54F4AC29.000A12FA] Error job run/54F4AC29.000A12FA (mqueue_open:Permission denied).
[2015/03/03 02:40:04] [17121-54F4AE81.0008C656] Error job run/54F4AE81.0008C656 (mqueue_open:Permission denied).
[2015/03/03 02:50:04] [17122-54F4B0D9.00083CB9] Error job run/54F4B0D9.00083CB9 (mqueue_open:Permission denied).
[2015/03/03 03:00:04] [17146-54F4B331.00076990] Error job run/54F4B331.00076990 (mqueue_open:Permission denied).
[2015/03/03 03:10:03] [MASTER] Warning -- Mailer 16863 exited.(1)
[2015/03/03 03:10:03] [MASTER] Warning -- Mailer 16981 exited.(0)
[2015/03/03 03:10:03] [MASTER] Warning -- Mailer 16982 exited.(0)
[2015/03/03 03:10:03] [MASTER] Warning -- Mailer 17049 exited.(0)
[2015/03/03 03:10:03] [MASTER] Warning -- Mailer 17050 exited.(0)
[2015/03/03 03:10:03] [MASTER] Warning -- Mailer 17064 exited.(0)
[2015/03/03 03:10:03] [MASTER] Warning -- Mailer 17065 exited.(0)
[2015/03/03 03:10:03] [MASTER] Warning -- Mailer 17121 exited.(0)
[2015/03/03 03:10:03] [MASTER] Warning -- Mailer 17122 exited.(0)
[2015/03/03 03:10:03] [MASTER] Warning -- Mailer 17145 exited.(0)
[2015/03/03 03:10:03] [MASTER] Warning -- Mailer 17146 exited.(0)
[2015/03/03 03:10:03] [MASTER] Warning -- Mailer 17162 exited.(0)
[2015/03/03 03:10:03] [MASTER] Warning -- Mailer 17163 exited.(0)
[2015/03/03 03:10:03] [MASTER] Warning -- Mailer 16864 exited.(0)
[2015/03/03 03:10:03] [MASTER] Warning -- Mailer 16865 exited.(0)
[2015/03/03 03:10:03] [MASTER] Warning -- Mailer 16925 exited.(0)
[2015/03/03 03:10:03] [MASTER] Warning -- Mailer 17038 exited.(0)
[2015/03/03 03:10:03] [MASTER] Warning -- Mailer 17039 exited.(0)
[2015/03/03 03:10:03] [MASTER] Warning -- Mailer 17053 exited.(0)
[2015/03/03 03:10:03] [MASTER] Warning -- Mailer 17054 exited.(0)
[2015/03/03 03:10:03] [MASTER] Warning -- Mailer 17073 exited.(0)
[2015/03/03 03:10:03] [MASTER] Warning -- Mailer 17074 exited.(0)
[2015/03/03 03:10:03] [MASTER] Warning -- Mailer 17110 exited.(0)
[2015/03/03 03:10:03] [MASTER] Warning -- Mailer 17111 exited.(0)
[2015/03/03 03:10:03] [MASTER] Warning -- Mailer 17125 exited.(0)
[2015/03/03 03:10:03] [MASTER] Warning -- Mailer 17126 exited.(0)
[2015/03/03 03:10:03] [MASTER] Warning -- Mailer 17136 exited.(0)
[2015/03/03 03:10:03] [MASTER] Warning -- Mailer 17137 exited.(0)
[2015/03/03 03:10:03] [MASTER] Warning -- Mailer 17151 exited.(0)
[2015/03/03 03:10:03] [MASTER] Warning -- Mailer 17152 exited.(0)
[2015/03/03 03:10:03] [MASTER] Warning -- Mailer 17166 exited.(0)
[2015/03/03 03:10:03] [MASTER] Warning -- Mailer 17167 exited.(0)
[2015/03/03 03:10:03] [MASTER] Warning -- Mailer 16924 exited.(0)
[2015/03/03 03:10:06] [MASTER] Shutdown successfully.
[2015/03/03 03:10:08] [28412-54F4B589.00061EE8] Error job run/54F4B589.00061EE8 (mqueue_open:Permission denied).
[2015/03/03 03:20:03] [28701-54F4B7E1.0002EA91] Error job run/54F4B7E1.0002EA91 (mqueue_open:Permission denied).
[2015/03/03 03:30:03] [28701-54F4BA39.0002C8AD] Error job run/54F4BA39.0002C8AD (mqueue_open:Permission denied).
[2015/03/03 03:40:03] [28701-54F4BC91.0002AD35] Error job run/54F4BC91.0002AD35 (mqueue_open:Permission denied).
[2015/03/03 03:50:03] [28701-54F4BEE9.0001FA70] Error job run/54F4BEE9.0001FA70 (mqueue_open:Permission denied).
[2015/03/03 04:00:03] [28701-54F4C141.0000E261] Error job run/54F4C141.0000E261 (mqueue_open:Permission denied).
[2015/03/03 04:10:03] [28701-54F4C399.0005C249] Error job run/54F4C399.0005C249 (mqueue_open:Permission denied).
[2015/03/03 04:10:03] [MASTER] Warning -- Mailer 28411 exited.(0)
[2015/03/03 04:10:03] [MASTER] Warning -- Mailer 28412 exited.(0)
[2015/03/03 04:10:03] [MASTER] Warning -- Mailer 28463 exited.(0)
[2015/03/03 04:10:03] [MASTER] Warning -- Mailer 28464 exited.(0)
[2015/03/03 04:10:03] [MASTER] Warning -- Mailer 28473 exited.(0)
[2015/03/03 04:10:03] [MASTER] Warning -- Mailer 28474 exited.(0)
[2015/03/03 04:10:03] [MASTER] Warning -- Mailer 28527 exited.(0)
[2015/03/03 04:10:03] [MASTER] Warning -- Mailer 28528 exited.(0)
[2015/03/03 04:10:03] [MASTER] Warning -- Mailer 28587 exited.(0)
[2015/03/03 04:10:03] [MASTER] Warning -- Mailer 28588 exited.(0)
[2015/03/03 04:10:03] [MASTER] Warning -- Mailer 28593 exited.(0)
[2015/03/03 04:10:03] [MASTER] Warning -- Mailer 28594 exited.(0)
[2015/03/03 04:10:03] [MASTER] Warning -- Mailer 28604 exited.(0)
[2015/03/03 04:10:03] [MASTER] Warning -- Mailer 28605 exited.(0)
[2015/03/03 04:10:03] [MASTER] Warning -- Mailer 28613 exited.(0)
[2015/03/03 04:10:03] [MASTER] Warning -- Mailer 28614 exited.(0)
[2015/03/03 04:10:03] [MASTER] Warning -- Mailer 28619 exited.(0)
[2015/03/03 04:10:03] [MASTER] Warning -- Mailer 28620 exited.(0)
[2015/03/03 04:10:03] [MASTER] Warning -- Mailer 28659 exited.(0)
[2015/03/03 04:10:03] [MASTER] Warning -- Mailer 28660 exited.(0)
[2015/03/03 04:10:03] [MASTER] Warning -- Mailer 28665 exited.(0)
[2015/03/03 04:10:03] [MASTER] Warning -- Mailer 28666 exited.(0)
[2015/03/03 04:10:03] [MASTER] Warning -- Mailer 28676 exited.(0)
[2015/03/03 04:10:03] [MASTER] Warning -- Mailer 28677 exited.(0)
[2015/03/03 04:10:03] [MASTER] Warning -- Mailer 28685 exited.(0)
[2015/03/03 04:10:03] [MASTER] Warning -- Mailer 28686 exited.(0)
[2015/03/03 04:10:03] [MASTER] Warning -- Mailer 28691 exited.(0)
[2015/03/03 04:10:03] [MASTER] Warning -- Mailer 28692 exited.(0)
[2015/03/03 04:10:03] [MASTER] Warning -- Mailer 28700 exited.(0)
[2015/03/03 04:10:03] [MASTER] Warning -- Mailer 28701 exited.(0)
[2015/03/03 04:10:03] [MASTER] Warning -- Mailer 28706 exited.(0)
[2015/03/03 04:10:03] [MASTER] Warning -- Mailer 28707 exited.(0)
[2015/03/03 04:10:03] [MASTER] Shutdown successfully.
[2015/03/03 04:20:03] [7988-54F4C5F1.0001E2C9] Error job run/54F4C5F1.0001E2C9 (mqueue_open:Permission denied).
[2015/03/03 04:30:03] [7946-54F4C849.00012F1C] Error job run/54F4C849.00012F1C (mqueue_open:Permission denied).
[2015/03/03 04:40:03] [7988-54F4CAA1.0000C13C] Error job run/54F4CAA1.0000C13C (mqueue_open:Permission denied).
[2015/03/03 04:50:03] [7947-54F4CCF9.0001F2DE] Error job run/54F4CCF9.0001F2DE (mqueue_open:Permission denied).
[2015/03/03 05:00:03] [7988-54F4CF51.000145DB] Error job run/54F4CF51.000145DB (mqueue_open:Permission denied).
[2015/03/03 05:10:03] [MASTER] Warning -- Mailer 7696 exited.(1)
[2015/03/03 05:10:03] [MASTER] Warning -- Mailer 7859 exited.(0)
[2015/03/03 05:10:03] [MASTER] Warning -- Mailer 7860 exited.(0)
[2015/03/03 05:10:03] [MASTER] Warning -- Mailer 7874 exited.(0)
[2015/03/03 05:10:03] [MASTER] Warning -- Mailer 7875 exited.(0)
[2015/03/03 05:10:03] [MASTER] Warning -- Mailer 7891 exited.(0)
[2015/03/03 05:10:03] [MASTER] Warning -- Mailer 7892 exited.(0)
[2015/03/03 05:10:03] [MASTER] Warning -- Mailer 7946 exited.(0)
[2015/03/03 05:10:03] [MASTER] Warning -- Mailer 7947 exited.(0)
[2015/03/03 05:10:03] [MASTER] Warning -- Mailer 7972 exited.(0)
[2015/03/03 05:10:03] [MASTER] Warning -- Mailer 7973 exited.(0)
[2015/03/03 05:10:03] [MASTER] Warning -- Mailer 7987 exited.(0)
[2015/03/03 05:10:03] [MASTER] Warning -- Mailer 7988 exited.(0)
[2015/03/03 05:10:03] [MASTER] Warning -- Mailer 7697 exited.(0)
[2015/03/03 05:10:03] [MASTER] Warning -- Mailer 7698 exited.(0)
[2015/03/03 05:10:03] [MASTER] Warning -- Mailer 7752 exited.(0)
[2015/03/03 05:10:03] [MASTER] Warning -- Mailer 7753 exited.(0)
[2015/03/03 05:10:03] [MASTER] Warning -- Mailer 7865 exited.(0)
[2015/03/03 05:10:03] [MASTER] Warning -- Mailer 7866 exited.(0)
[2015/03/03 05:10:03] [MASTER] Warning -- Mailer 7885 exited.(0)
[2015/03/03 05:10:03] [MASTER] Warning -- Mailer 7900 exited.(0)
[2015/03/03 05:10:03] [MASTER] Warning -- Mailer 7901 exited.(0)
[2015/03/03 05:10:03] [MASTER] Warning -- Mailer 7906 exited.(0)
[2015/03/03 05:10:03] [MASTER] Warning -- Mailer 7907 exited.(0)
[2015/03/03 05:10:03] [MASTER] Warning -- Mailer 7957 exited.(0)
[2015/03/03 05:10:03] [MASTER] Warning -- Mailer 7958 exited.(0)
[2015/03/03 05:10:03] [MASTER] Warning -- Mailer 7963 exited.(0)
[2015/03/03 05:10:03] [MASTER] Warning -- Mailer 7964 exited.(0)
[2015/03/03 05:10:03] [MASTER] Warning -- Mailer 7978 exited.(0)
[2015/03/03 05:10:03] [MASTER] Warning -- Mailer 7979 exited.(0)
[2015/03/03 05:10:03] [MASTER] Warning -- Mailer 7998 exited.(0)
[2015/03/03 05:10:03] [MASTER] Warning -- Mailer 7999 exited.(0)
[2015/03/03 05:10:03] [MASTER] Warning -- Mailer 7886 exited.(0)
[2015/03/03 05:10:06] [MASTER] Shutdown successfully.
[2015/03/03 05:10:08] [19209-54F4D1A9.00011986] Error job run/54F4D1A9.00011986 (mqueue_open:Permission denied).
[2015/03/03 05:20:02] [19499-54F4D401.000C73C3] Error job run/54F4D401.000C73C3 (mqueue_open:Permission denied).
[2015/03/03 05:30:02] [19499-54F4D659.000C9C39] Error job run/54F4D659.000C9C39 (mqueue_open:Permission denied).
[2015/03/03 05:40:02] [19458-54F4D8B1.000BAC84] Error job run/54F4D8B1.000BAC84 (mqueue_open:Permission denied).
[2015/03/03 05:50:02] [19499-54F4DB09.000A7CCF] Error job run/54F4DB09.000A7CCF (mqueue_open:Permission denied).
[2015/03/03 06:00:02] [19458-54F4DD61.000B8219] Error job run/54F4DD61.000B8219 (mqueue_open:Permission denied).
[2015/03/03 06:10:02] [19499-54F4DFB9.000AC777] Error job run/54F4DFB9.000AC777 (mqueue_open:Permission denied).
[2015/03/03 06:10:04] [MASTER] Warning -- Mailer 19271 exited.(0)
[2015/03/03 06:10:04] [MASTER] Warning -- Mailer 19272 exited.(0)
[2015/03/03 06:10:04] [MASTER] Warning -- Mailer 19385 exited.(0)
[2015/03/03 06:10:04] [MASTER] Warning -- Mailer 19386 exited.(0)
[2015/03/03 06:10:04] [MASTER] Warning -- Mailer 19400 exited.(0)
[2015/03/03 06:10:04] [MASTER] Warning -- Mailer 19401 exited.(0)
[2015/03/03 06:10:04] [MASTER] Warning -- Mailer 19457 exited.(0)
[2015/03/03 06:10:04] [MASTER] Warning -- Mailer 19458 exited.(0)
[2015/03/03 06:10:04] [MASTER] Warning -- Mailer 19483 exited.(0)
[2015/03/03 06:10:04] [MASTER] Warning -- Mailer 19484 exited.(0)
[2015/03/03 06:10:04] [MASTER] Warning -- Mailer 19498 exited.(0)
[2015/03/03 06:10:04] [MASTER] Warning -- Mailer 19499 exited.(0)
[2015/03/03 06:10:04] [MASTER] Warning -- Mailer 19207 exited.(1)
[2015/03/03 06:10:04] [MASTER] Warning -- Mailer 19208 exited.(0)
[2015/03/03 06:10:04] [MASTER] Warning -- Mailer 19209 exited.(0)
[2015/03/03 06:10:04] [MASTER] Warning -- Mailer 19244 exited.(0)
[2015/03/03 06:10:04] [MASTER] Warning -- Mailer 19245 exited.(0)
[2015/03/03 06:10:04] [MASTER] Warning -- Mailer 19325 exited.(0)
[2015/03/03 06:10:04] [MASTER] Warning -- Mailer 19326 exited.(0)
[2015/03/03 06:10:04] [MASTER] Warning -- Mailer 19391 exited.(0)
[2015/03/03 06:10:04] [MASTER] Warning -- Mailer 19392 exited.(0)
[2015/03/03 06:10:04] [MASTER] Warning -- Mailer 19411 exited.(0)
[2015/03/03 06:10:04] [MASTER] Warning -- Mailer 19412 exited.(0)
[2015/03/03 06:10:04] [MASTER] Warning -- Mailer 19417 exited.(0)
[2015/03/03 06:10:04] [MASTER] Warning -- Mailer 19418 exited.(0)
[2015/03/03 06:10:04] [MASTER] Warning -- Mailer 19463 exited.(0)
[2015/03/03 06:10:04] [MASTER] Warning -- Mailer 19464 exited.(0)
[2015/03/03 06:10:04] [MASTER] Warning -- Mailer 19472 exited.(0)
[2015/03/03 06:10:04] [MASTER] Warning -- Mailer 19473 exited.(0)
[2015/03/03 06:10:04] [MASTER] Warning -- Mailer 19489 exited.(0)
[2015/03/03 06:10:04] [MASTER] Warning -- Mailer 19490 exited.(0)
[2015/03/03 06:10:04] [MASTER] Warning -- Mailer 19504 exited.(0)
[2015/03/03 06:10:04] [MASTER] Warning -- Mailer 19505 exited.(0)
[2015/03/03 06:10:07] [MASTER] Shutdown successfully.
[2015/03/03 06:20:03] [31006-54F4E211.00060C9F] Error job run/54F4E211.00060C9F (mqueue_open:Permission denied).
[2015/03/03 06:30:03] [31006-54F4E469.000558E2] Error job run/54F4E469.000558E2 (mqueue_open:Permission denied).
[2015/03/03 06:40:03] [31006-54F4E6C1.0004633F] Error job run/54F4E6C1.0004633F (mqueue_open:Permission denied).
[2015/03/03 06:50:03] [31006-54F4E919.00041BB5] Error job run/54F4E919.00041BB5 (mqueue_open:Permission denied).
[2015/03/03 07:00:03] [31006-54F4EB71.0002C66B] Error job run/54F4EB71.0002C66B (mqueue_open:Permission denied).
[2015/03/03 07:10:03] [30964-54F4EDC9.00019CF6] Error job run/54F4EDC9.00019CF6 (mqueue_open:Permission denied).
[2015/03/03 07:10:03] [MASTER] Warning -- Mailer 30720 exited.(0)
[2015/03/03 07:10:03] [MASTER] Warning -- Mailer 30721 exited.(0)
[2015/03/03 07:10:03] [MASTER] Warning -- Mailer 30778 exited.(0)
[2015/03/03 07:10:03] [MASTER] Warning -- Mailer 30779 exited.(0)
[2015/03/03 07:10:03] [MASTER] Warning -- Mailer 30832 exited.(0)
[2015/03/03 07:10:03] [MASTER] Warning -- Mailer 30833 exited.(0)
[2015/03/03 07:10:03] [MASTER] Warning -- Mailer 30892 exited.(0)
[2015/03/03 07:10:03] [MASTER] Warning -- Mailer 30893 exited.(0)
[2015/03/03 07:10:03] [MASTER] Warning -- Mailer 30903 exited.(0)
[2015/03/03 07:10:03] [MASTER] Warning -- Mailer 30904 exited.(0)
[2015/03/03 07:10:03] [MASTER] Warning -- Mailer 30909 exited.(0)
[2015/03/03 07:10:03] [MASTER] Warning -- Mailer 30910 exited.(0)
[2015/03/03 07:10:03] [MASTER] Warning -- Mailer 30918 exited.(0)
[2015/03/03 07:10:03] [MASTER] Warning -- Mailer 30919 exited.(0)
[2015/03/03 07:10:03] [MASTER] Warning -- Mailer 30924 exited.(0)
[2015/03/03 07:10:03] [MASTER] Warning -- Mailer 30925 exited.(0)
[2015/03/03 07:10:03] [MASTER] Warning -- Mailer 30964 exited.(0)
[2015/03/03 07:10:03] [MASTER] Warning -- Mailer 30965 exited.(0)
[2015/03/03 07:10:03] [MASTER] Warning -- Mailer 30975 exited.(0)
[2015/03/03 07:10:03] [MASTER] Warning -- Mailer 30976 exited.(0)
[2015/03/03 07:10:03] [MASTER] Warning -- Mailer 30981 exited.(0)
[2015/03/03 07:10:03] [MASTER] Warning -- Mailer 30982 exited.(0)
[2015/03/03 07:10:03] [MASTER] Warning -- Mailer 30990 exited.(0)
[2015/03/03 07:10:03] [MASTER] Warning -- Mailer 30991 exited.(0)
[2015/03/03 07:10:03] [MASTER] Warning -- Mailer 30996 exited.(0)
[2015/03/03 07:10:03] [MASTER] Warning -- Mailer 30997 exited.(0)
[2015/03/03 07:10:03] [MASTER] Warning -- Mailer 31005 exited.(0)
[2015/03/03 07:10:03] [MASTER] Warning -- Mailer 31006 exited.(0)
[2015/03/03 07:10:03] [MASTER] Warning -- Mailer 31016 exited.(0)
[2015/03/03 07:10:03] [MASTER] Warning -- Mailer 31017 exited.(0)
[2015/03/03 07:10:03] [MASTER] Warning -- Mailer 31022 exited.(0)
[2015/03/03 07:10:03] [MASTER] Warning -- Mailer 31023 exited.(0)
[2015/03/03 07:10:03] [MASTER] Shutdown successfully.
[2015/03/03 07:20:03] [10184-54F4F021.000DE21C] Error job run/54F4F021.000DE21C (mqueue_open:Permission denied).
[2015/03/03 07:30:03] [10111-54F4F279.000DF2C3] Error job run/54F4F279.000DF2C3 (mqueue_open:Permission denied).
[2015/03/03 07:40:03] [10184-54F4F4D1.000CDAC1] Error job run/54F4F4D1.000CDAC1 (mqueue_open:Permission denied).
[2015/03/03 07:50:03] [10184-54F4F729.000C1A8A] Error job run/54F4F729.000C1A8A (mqueue_open:Permission denied).
[2015/03/03 08:00:03] [10184-54F4F981.000BC9E0] Error job run/54F4F981.000BC9E0 (mqueue_open:Permission denied).
[2015/03/03 08:10:03] [10111-54F4FBD9.000A0769] Error job run/54F4FBD9.000A0769 (mqueue_open:Permission denied).
[2015/03/03 08:10:03] [MASTER] Warning -- Mailer 9890 exited.(0)
[2015/03/03 08:10:03] [MASTER] Warning -- Mailer 9891 exited.(0)
[2015/03/03 08:10:03] [MASTER] Warning -- Mailer 9945 exited.(0)
[2015/03/03 08:10:03] [MASTER] Warning -- Mailer 9946 exited.(0)
[2015/03/03 08:10:03] [MASTER] Warning -- Mailer 10004 exited.(0)
[2015/03/03 08:10:03] [MASTER] Warning -- Mailer 10005 exited.(0)
[2015/03/03 08:10:03] [MASTER] Warning -- Mailer 10061 exited.(0)
[2015/03/03 08:10:03] [MASTER] Warning -- Mailer 10062 exited.(0)
[2015/03/03 08:10:03] [MASTER] Warning -- Mailer 10070 exited.(0)
[2015/03/03 08:10:03] [MASTER] Warning -- Mailer 10071 exited.(0)
[2015/03/03 08:10:03] [MASTER] Warning -- Mailer 10081 exited.(0)
[2015/03/03 08:10:03] [MASTER] Warning -- Mailer 10082 exited.(0)
[2015/03/03 08:10:03] [MASTER] Warning -- Mailer 10087 exited.(0)
[2015/03/03 08:10:03] [MASTER] Warning -- Mailer 10088 exited.(0)
[2015/03/03 08:10:03] [MASTER] Warning -- Mailer 10096 exited.(0)
[2015/03/03 08:10:03] [MASTER] Warning -- Mailer 10097 exited.(0)
[2015/03/03 08:10:03] [MASTER] Warning -- Mailer 10102 exited.(0)
[2015/03/03 08:10:03] [MASTER] Warning -- Mailer 10103 exited.(0)
[2015/03/03 08:10:03] [MASTER] Warning -- Mailer 10111 exited.(0)
[2015/03/03 08:10:03] [MASTER] Warning -- Mailer 10112 exited.(0)
[2015/03/03 08:10:03] [MASTER] Warning -- Mailer 10153 exited.(0)
[2015/03/03 08:10:03] [MASTER] Warning -- Mailer 10154 exited.(0)
[2015/03/03 08:10:03] [MASTER] Warning -- Mailer 10159 exited.(0)
[2015/03/03 08:10:03] [MASTER] Warning -- Mailer 10160 exited.(0)
[2015/03/03 08:10:03] [MASTER] Warning -- Mailer 10168 exited.(0)
[2015/03/03 08:10:03] [MASTER] Warning -- Mailer 10169 exited.(0)
[2015/03/03 08:10:03] [MASTER] Warning -- Mailer 10174 exited.(0)
[2015/03/03 08:10:03] [MASTER] Warning -- Mailer 10175 exited.(0)
[2015/03/03 08:10:03] [MASTER] Warning -- Mailer 10183 exited.(0)
[2015/03/03 08:10:03] [MASTER] Warning -- Mailer 10184 exited.(0)
[2015/03/03 08:10:03] [MASTER] Warning -- Mailer 10194 exited.(0)
[2015/03/03 08:10:03] [MASTER] Warning -- Mailer 10195 exited.(0)
[2015/03/03 08:10:03] [MASTER] Shutdown successfully.
[2015/03/03 08:20:03] [21714-54F4FE31.000AC062] Error job run/54F4FE31.000AC062 (mqueue_open:Permission denied).
[2015/03/03 08:30:03] [21641-54F50089.00099A8F] Error job run/54F50089.00099A8F (mqueue_open:Permission denied).
[2015/03/03 08:40:03] [21641-54F502E1.00084885] Error job run/54F502E1.00084885 (mqueue_open:Permission denied).
[2015/03/03 08:50:03] [21641-54F50539.000781D1] Error job run/54F50539.000781D1 (mqueue_open:Permission denied).
[2015/03/03 09:00:03] [21641-54F50791.0007BD5C] Error job run/54F50791.0007BD5C (mqueue_open:Permission denied).
[2015/03/03 09:10:03] [21641-54F509E9.0006275A] Error job run/54F509E9.0006275A (mqueue_open:Permission denied).
[2015/03/03 09:10:03] [MASTER] Warning -- Mailer 21422 exited.(0)
[2015/03/03 09:10:03] [MASTER] Warning -- Mailer 21423 exited.(0)
[2015/03/03 09:10:03] [MASTER] Warning -- Mailer 21477 exited.(0)
[2015/03/03 09:10:03] [MASTER] Warning -- Mailer 21478 exited.(0)
[2015/03/03 09:10:03] [MASTER] Warning -- Mailer 21534 exited.(0)
[2015/03/03 09:10:03] [MASTER] Warning -- Mailer 21535 exited.(0)
[2015/03/03 09:10:03] [MASTER] Warning -- Mailer 21591 exited.(0)
[2015/03/03 09:10:03] [MASTER] Warning -- Mailer 21592 exited.(0)
[2015/03/03 09:10:03] [MASTER] Warning -- Mailer 21600 exited.(0)
[2015/03/03 09:10:03] [MASTER] Warning -- Mailer 21601 exited.(0)
[2015/03/03 09:10:03] [MASTER] Warning -- Mailer 21611 exited.(0)
[2015/03/03 09:10:03] [MASTER] Warning -- Mailer 21612 exited.(0)
[2015/03/03 09:10:03] [MASTER] Warning -- Mailer 21617 exited.(0)
[2015/03/03 09:10:03] [MASTER] Warning -- Mailer 21618 exited.(0)
[2015/03/03 09:10:03] [MASTER] Warning -- Mailer 21626 exited.(0)
[2015/03/03 09:10:03] [MASTER] Warning -- Mailer 21627 exited.(0)
[2015/03/03 09:10:03] [MASTER] Warning -- Mailer 21632 exited.(0)
[2015/03/03 09:10:03] [MASTER] Warning -- Mailer 21633 exited.(0)
[2015/03/03 09:10:03] [MASTER] Warning -- Mailer 21641 exited.(0)
[2015/03/03 09:10:03] [MASTER] Warning -- Mailer 21642 exited.(0)
[2015/03/03 09:10:03] [MASTER] Warning -- Mailer 21683 exited.(0)
[2015/03/03 09:10:03] [MASTER] Warning -- Mailer 21684 exited.(0)
[2015/03/03 09:10:03] [MASTER] Warning -- Mailer 21689 exited.(0)
[2015/03/03 09:10:03] [MASTER] Warning -- Mailer 21690 exited.(0)
[2015/03/03 09:10:03] [MASTER] Warning -- Mailer 21698 exited.(0)
[2015/03/03 09:10:03] [MASTER] Warning -- Mailer 21699 exited.(0)
[2015/03/03 09:10:03] [MASTER] Warning -- Mailer 21704 exited.(0)
[2015/03/03 09:10:03] [MASTER] Warning -- Mailer 21705 exited.(0)
[2015/03/03 09:10:03] [MASTER] Warning -- Mailer 21713 exited.(0)
[2015/03/03 09:10:03] [MASTER] Warning -- Mailer 21714 exited.(0)
[2015/03/03 09:10:03] [MASTER] Warning -- Mailer 21724 exited.(0)
[2015/03/03 09:10:03] [MASTER] Warning -- Mailer 21725 exited.(0)
[2015/03/03 09:10:03] [MASTER] Shutdown successfully.
[2015/03/03 09:20:03] [777-54F50C41.00016F72] Error job run/54F50C41.00016F72 (mqueue_open:Permission denied).
[2015/03/03 09:30:03] [777-54F50E99.00011E37] Error job run/54F50E99.00011E37 (mqueue_open:Permission denied).
[2015/03/03 09:40:03] [777-54F510F1.000094B1] Error job run/54F510F1.000094B1 (mqueue_open:Permission denied).
[2015/03/03 09:50:03] [704-54F51349.000F0FF0] Error job run/54F51349.000F0FF0 (mqueue_open:Permission denied).
[2015/03/03 10:00:03] [704-54F515A1.000F4015] Error job run/54F515A1.000F4015 (mqueue_open:Permission denied).
[2015/03/03 10:10:03] [777-54F517F9.000E6B3F] Error job run/54F517F9.000E6B3F (mqueue_open:Permission denied).
[2015/03/03 10:10:04] [MASTER] Warning -- Mailer 484 exited.(0)
[2015/03/03 10:10:04] [MASTER] Warning -- Mailer 485 exited.(0)
[2015/03/03 10:10:04] [MASTER] Warning -- Mailer 539 exited.(0)
[2015/03/03 10:10:04] [MASTER] Warning -- Mailer 540 exited.(0)
[2015/03/03 10:10:04] [MASTER] Warning -- Mailer 597 exited.(0)
[2015/03/03 10:10:04] [MASTER] Warning -- Mailer 598 exited.(0)
[2015/03/03 10:10:04] [MASTER] Warning -- Mailer 659 exited.(0)
[2015/03/03 10:10:04] [MASTER] Warning -- Mailer 660 exited.(0)
[2015/03/03 10:10:04] [MASTER] Warning -- Mailer 663 exited.(0)
[2015/03/03 10:10:04] [MASTER] Warning -- Mailer 664 exited.(0)
[2015/03/03 10:10:04] [MASTER] Warning -- Mailer 674 exited.(0)
[2015/03/03 10:10:04] [MASTER] Warning -- Mailer 675 exited.(0)
[2015/03/03 10:10:04] [MASTER] Warning -- Mailer 680 exited.(0)
[2015/03/03 10:10:04] [MASTER] Warning -- Mailer 681 exited.(0)
[2015/03/03 10:10:04] [MASTER] Warning -- Mailer 689 exited.(0)
[2015/03/03 10:10:04] [MASTER] Warning -- Mailer 690 exited.(0)
[2015/03/03 10:10:04] [MASTER] Warning -- Mailer 700 exited.(0)
[2015/03/03 10:10:04] [MASTER] Warning -- Mailer 701 exited.(0)
[2015/03/03 10:10:04] [MASTER] Warning -- Mailer 704 exited.(0)
[2015/03/03 10:10:04] [MASTER] Warning -- Mailer 705 exited.(0)
[2015/03/03 10:10:04] [MASTER] Warning -- Mailer 746 exited.(0)
[2015/03/03 10:10:04] [MASTER] Warning -- Mailer 747 exited.(0)
[2015/03/03 10:10:04] [MASTER] Warning -- Mailer 752 exited.(0)
[2015/03/03 10:10:04] [MASTER] Warning -- Mailer 753 exited.(0)
[2015/03/03 10:10:04] [MASTER] Warning -- Mailer 761 exited.(0)
[2015/03/03 10:10:04] [MASTER] Warning -- Mailer 762 exited.(0)
[2015/03/03 10:10:04] [MASTER] Warning -- Mailer 772 exited.(0)
[2015/03/03 10:10:04] [MASTER] Warning -- Mailer 773 exited.(0)
[2015/03/03 10:10:04] [MASTER] Warning -- Mailer 776 exited.(0)
[2015/03/03 10:10:04] [MASTER] Warning -- Mailer 777 exited.(0)
[2015/03/03 10:10:04] [MASTER] Warning -- Mailer 787 exited.(0)
[2015/03/03 10:10:04] [MASTER] Warning -- Mailer 788 exited.(0)
[2015/03/03 10:10:04] [MASTER] Shutdown successfully.
[2015/03/03 10:20:04] [12384-54F51A51.000EBDEC] Error job run/54F51A51.000EBDEC (mqueue_open:Permission denied).
[2015/03/03 10:30:04] [12384-54F51CA9.000D4EA5] Error job run/54F51CA9.000D4EA5 (mqueue_open:Permission denied).
[2015/03/03 10:40:04] [12384-54F51F01.000BE102] Error job run/54F51F01.000BE102 (mqueue_open:Permission denied).
[2015/03/03 10:50:04] [12384-54F52159.000AB534] Error job run/54F52159.000AB534 (mqueue_open:Permission denied).
[2015/03/03 11:00:04] [12384-54F523B1.00094B8D] Error job run/54F523B1.00094B8D (mqueue_open:Permission denied).
[2015/03/03 11:10:03] [MASTER] Warning -- Mailer 12084 exited.(1)
[2015/03/03 11:10:03] [MASTER] Warning -- Mailer 12197 exited.(0)
[2015/03/03 11:10:03] [MASTER] Warning -- Mailer 12198 exited.(0)
[2015/03/03 11:10:03] [MASTER] Warning -- Mailer 12270 exited.(0)
[2015/03/03 11:10:03] [MASTER] Warning -- Mailer 12271 exited.(0)
[2015/03/03 11:10:03] [MASTER] Warning -- Mailer 12285 exited.(0)
[2015/03/03 11:10:03] [MASTER] Warning -- Mailer 12286 exited.(0)
[2015/03/03 11:10:03] [MASTER] Warning -- Mailer 12342 exited.(0)
[2015/03/03 11:10:03] [MASTER] Warning -- Mailer 12343 exited.(0)
[2015/03/03 11:10:03] [MASTER] Warning -- Mailer 12361 exited.(0)
[2015/03/03 11:10:03] [MASTER] Warning -- Mailer 12362 exited.(0)
[2015/03/03 11:10:03] [MASTER] Warning -- Mailer 12383 exited.(0)
[2015/03/03 11:10:03] [MASTER] Warning -- Mailer 12384 exited.(0)
[2015/03/03 11:10:03] [MASTER] Warning -- Mailer 12085 exited.(0)
[2015/03/03 11:10:03] [MASTER] Warning -- Mailer 12086 exited.(0)
[2015/03/03 11:10:03] [MASTER] Warning -- Mailer 12145 exited.(0)
[2015/03/03 11:10:03] [MASTER] Warning -- Mailer 12146 exited.(0)
[2015/03/03 11:10:03] [MASTER] Warning -- Mailer 12259 exited.(0)
[2015/03/03 11:10:03] [MASTER] Warning -- Mailer 12260 exited.(0)
[2015/03/03 11:10:03] [MASTER] Warning -- Mailer 12274 exited.(0)
[2015/03/03 11:10:03] [MASTER] Warning -- Mailer 12275 exited.(0)
[2015/03/03 11:10:03] [MASTER] Warning -- Mailer 12289 exited.(0)
[2015/03/03 11:10:03] [MASTER] Warning -- Mailer 12290 exited.(0)
[2015/03/03 11:10:03] [MASTER] Warning -- Mailer 12300 exited.(0)
[2015/03/03 11:10:03] [MASTER] Warning -- Mailer 12301 exited.(0)
[2015/03/03 11:10:03] [MASTER] Warning -- Mailer 12346 exited.(0)
[2015/03/03 11:10:03] [MASTER] Warning -- Mailer 12347 exited.(0)
[2015/03/03 11:10:03] [MASTER] Warning -- Mailer 12357 exited.(0)
[2015/03/03 11:10:03] [MASTER] Warning -- Mailer 12358 exited.(0)
[2015/03/03 11:10:03] [MASTER] Warning -- Mailer 12372 exited.(0)
[2015/03/03 11:10:03] [MASTER] Warning -- Mailer 12373 exited.(0)
[2015/03/03 11:10:03] [MASTER] Warning -- Mailer 12387 exited.(0)
[2015/03/03 11:10:03] [MASTER] Warning -- Mailer 12388 exited.(0)
[2015/03/03 11:10:06] [MASTER] Shutdown successfully.
[2015/03/03 11:10:09] [23602-54F52609.0008A83E] Error job run/54F52609.0008A83E (mqueue_open:Permission denied).
[2015/03/03 11:20:03] [23887-54F52861.0003FEC3] Error job run/54F52861.0003FEC3 (mqueue_open:Permission denied).
[2015/03/03 11:30:03] [23887-54F52AB9.00037FA2] Error job run/54F52AB9.00037FA2 (mqueue_open:Permission denied).
[2015/03/03 11:40:03] [23887-54F52D11.000377E3] Error job run/54F52D11.000377E3 (mqueue_open:Permission denied).
[2015/03/03 11:50:03] [23887-54F52F69.00043C16] Error job run/54F52F69.00043C16 (mqueue_open:Permission denied).
[2015/03/03 12:00:03] [23812-54F531C1.0004C4AE] Error job run/54F531C1.0004C4AE (mqueue_open:Permission denied).
[2015/03/03 12:10:03] [23811-54F53419.0003B87D] Error job run/54F53419.0003B87D (mqueue_open:Permission denied).
[2015/03/03 12:10:03] [MASTER] Warning -- Mailer 23601 exited.(0)
[2015/03/03 12:10:03] [MASTER] Warning -- Mailer 23602 exited.(0)
[2015/03/03 12:10:03] [MASTER] Warning -- Mailer 23611 exited.(0)
[2015/03/03 12:10:03] [MASTER] Warning -- Mailer 23612 exited.(0)
[2015/03/03 12:10:03] [MASTER] Warning -- Mailer 23656 exited.(0)
[2015/03/03 12:10:03] [MASTER] Warning -- Mailer 23657 exited.(0)
[2015/03/03 12:10:03] [MASTER] Warning -- Mailer 23715 exited.(0)
[2015/03/03 12:10:03] [MASTER] Warning -- Mailer 23716 exited.(0)
[2015/03/03 12:10:03] [MASTER] Warning -- Mailer 23770 exited.(0)
[2015/03/03 12:10:03] [MASTER] Warning -- Mailer 23771 exited.(0)
[2015/03/03 12:10:03] [MASTER] Warning -- Mailer 23781 exited.(0)
[2015/03/03 12:10:03] [MASTER] Warning -- Mailer 23782 exited.(0)
[2015/03/03 12:10:03] [MASTER] Warning -- Mailer 23792 exited.(0)
[2015/03/03 12:10:03] [MASTER] Warning -- Mailer 23793 exited.(0)
[2015/03/03 12:10:03] [MASTER] Warning -- Mailer 23796 exited.(0)
[2015/03/03 12:10:03] [MASTER] Warning -- Mailer 23797 exited.(0)
[2015/03/03 12:10:03] [MASTER] Warning -- Mailer 23807 exited.(0)
[2015/03/03 12:10:03] [MASTER] Warning -- Mailer 23808 exited.(0)
[2015/03/03 12:10:03] [MASTER] Warning -- Mailer 23811 exited.(0)
[2015/03/03 12:10:03] [MASTER] Warning -- Mailer 23812 exited.(0)
[2015/03/03 12:10:03] [MASTER] Warning -- Mailer 23853 exited.(0)
[2015/03/03 12:10:03] [MASTER] Warning -- Mailer 23854 exited.(0)
[2015/03/03 12:10:03] [MASTER] Warning -- Mailer 23867 exited.(0)
[2015/03/03 12:10:03] [MASTER] Warning -- Mailer 23868 exited.(0)
[2015/03/03 12:10:03] [MASTER] Warning -- Mailer 23871 exited.(0)
[2015/03/03 12:10:03] [MASTER] Warning -- Mailer 23872 exited.(0)
[2015/03/03 12:10:03] [MASTER] Warning -- Mailer 23882 exited.(0)
[2015/03/03 12:10:03] [MASTER] Warning -- Mailer 23883 exited.(0)
[2015/03/03 12:10:03] [MASTER] Warning -- Mailer 23886 exited.(0)
[2015/03/03 12:10:03] [MASTER] Warning -- Mailer 23887 exited.(0)
[2015/03/03 12:10:03] [MASTER] Warning -- Mailer 23897 exited.(0)
[2015/03/03 12:10:03] [MASTER] Warning -- Mailer 23898 exited.(0)
[2015/03/03 12:10:03] [MASTER] Shutdown successfully.
[2015/03/03 12:20:02] [3013-54F53671.000ED344] Error job run/54F53671.000ED344 (mqueue_open:Permission denied).
[2015/03/03 12:30:02] [2937-54F538C9.0000B69D] Error job run/54F538C9.0000B69D (mqueue_open:Permission denied).
[2015/03/03 12:40:02] [3013-54F53B21.000F2608] Error job run/54F53B21.000F2608 (mqueue_open:Permission denied).
[2015/03/03 12:50:02] [3013-54F53D79.000E7DE6] Error job run/54F53D79.000E7DE6 (mqueue_open:Permission denied).
[2015/03/03 13:00:02] [3013-54F53FD1.000E3627] Error job run/54F53FD1.000E3627 (mqueue_open:Permission denied).
[2015/03/03 13:10:02] [2937-54F54229.000ECC7B] Error job run/54F54229.000ECC7B (mqueue_open:Permission denied).
[2015/03/03 13:10:04] [MASTER] Warning -- Mailer 2830 exited.(0)
[2015/03/03 13:10:04] [MASTER] Warning -- Mailer 2831 exited.(0)
[2015/03/03 13:10:04] [MASTER] Warning -- Mailer 2896 exited.(0)
[2015/03/03 13:10:04] [MASTER] Warning -- Mailer 2897 exited.(0)
[2015/03/03 13:10:04] [MASTER] Warning -- Mailer 2916 exited.(0)
[2015/03/03 13:10:04] [MASTER] Warning -- Mailer 2917 exited.(0)
[2015/03/03 13:10:04] [MASTER] Warning -- Mailer 2937 exited.(0)
[2015/03/03 13:10:04] [MASTER] Warning -- Mailer 2938 exited.(0)
[2015/03/03 13:10:04] [MASTER] Warning -- Mailer 2997 exited.(0)
[2015/03/03 13:10:04] [MASTER] Warning -- Mailer 2998 exited.(0)
[2015/03/03 13:10:04] [MASTER] Warning -- Mailer 3012 exited.(0)
[2015/03/03 13:10:04] [MASTER] Warning -- Mailer 3013 exited.(0)
[2015/03/03 13:10:04] [MASTER] Warning -- Mailer 2717 exited.(1)
[2015/03/03 13:10:04] [MASTER] Warning -- Mailer 2718 exited.(0)
[2015/03/03 13:10:04] [MASTER] Warning -- Mailer 2719 exited.(0)
[2015/03/03 13:10:04] [MASTER] Warning -- Mailer 2776 exited.(0)
[2015/03/03 13:10:04] [MASTER] Warning -- Mailer 2777 exited.(0)
[2015/03/03 13:10:04] [MASTER] Warning -- Mailer 2892 exited.(0)
[2015/03/03 13:10:04] [MASTER] Warning -- Mailer 2893 exited.(0)
[2015/03/03 13:10:04] [MASTER] Warning -- Mailer 2907 exited.(0)
[2015/03/03 13:10:04] [MASTER] Warning -- Mailer 2908 exited.(0)
[2015/03/03 13:10:04] [MASTER] Warning -- Mailer 2922 exited.(0)
[2015/03/03 13:10:04] [MASTER] Warning -- Mailer 2923 exited.(0)
[2015/03/03 13:10:04] [MASTER] Warning -- Mailer 2933 exited.(0)
[2015/03/03 13:10:04] [MASTER] Warning -- Mailer 2934 exited.(0)
[2015/03/03 13:10:04] [MASTER] Warning -- Mailer 2982 exited.(0)
[2015/03/03 13:10:04] [MASTER] Warning -- Mailer 2983 exited.(0)
[2015/03/03 13:10:04] [MASTER] Warning -- Mailer 2991 exited.(0)
[2015/03/03 13:10:04] [MASTER] Warning -- Mailer 2992 exited.(0)
[2015/03/03 13:10:04] [MASTER] Warning -- Mailer 3008 exited.(0)
[2015/03/03 13:10:04] [MASTER] Warning -- Mailer 3009 exited.(0)
[2015/03/03 13:10:04] [MASTER] Warning -- Mailer 3023 exited.(0)
[2015/03/03 13:10:04] [MASTER] Warning -- Mailer 3024 exited.(0)
[2015/03/03 13:10:07] [MASTER] Shutdown successfully.
[2015/03/03 13:20:03] [14521-54F54481.000A1A24] Error job run/54F54481.000A1A24 (mqueue_open:Permission denied).
[2015/03/03 13:30:03] [14521-54F546D9.00099696] Error job run/54F546D9.00099696 (mqueue_open:Permission denied).
[2015/03/03 13:40:03] [14521-54F54931.000AFB36] Error job run/54F54931.000AFB36 (mqueue_open:Permission denied).
[2015/03/03 13:50:03] [14449-54F54B89.000A6CF1] Error job run/54F54B89.000A6CF1 (mqueue_open:Permission denied).
[2015/03/03 13:53:54] [14538-2606613643-qq.com_1425362027.8284519.eml] Mail.RR <2606613643_149_0@online-edm.com> -> <2606613643@qq.com> (集享卡会员帐号激活/1532)[OK][MGHAM--0][MGTAGLOG ][utf-8]
[2015/03/03 14:00:03] [14449-54F54DE1.000BCE7F] Error job run/54F54DE1.000BCE7F (mqueue_open:Permission denied).
[2015/03/03 14:10:03] [14521-54F55039.000ACFD5] Error job run/54F55039.000ACFD5 (mqueue_open:Permission denied).
[2015/03/03 14:10:04] [MASTER] Warning -- Mailer 14235 exited.(0)
[2015/03/03 14:10:04] [MASTER] Warning -- Mailer 14236 exited.(0)
[2015/03/03 14:10:04] [MASTER] Warning -- Mailer 14288 exited.(0)
[2015/03/03 14:10:04] [MASTER] Warning -- Mailer 14289 exited.(0)
[2015/03/03 14:10:04] [MASTER] Warning -- Mailer 14347 exited.(0)
[2015/03/03 14:10:04] [MASTER] Warning -- Mailer 14348 exited.(0)
[2015/03/03 14:10:04] [MASTER] Warning -- Mailer 14407 exited.(0)
[2015/03/03 14:10:04] [MASTER] Warning -- Mailer 14408 exited.(0)
[2015/03/03 14:10:04] [MASTER] Warning -- Mailer 14413 exited.(0)
[2015/03/03 14:10:04] [MASTER] Warning -- Mailer 14414 exited.(0)
[2015/03/03 14:10:04] [MASTER] Warning -- Mailer 14424 exited.(0)
[2015/03/03 14:10:04] [MASTER] Warning -- Mailer 14425 exited.(0)
[2015/03/03 14:10:04] [MASTER] Warning -- Mailer 14428 exited.(0)
[2015/03/03 14:10:04] [MASTER] Warning -- Mailer 14429 exited.(0)
[2015/03/03 14:10:04] [MASTER] Warning -- Mailer 14439 exited.(0)
[2015/03/03 14:10:04] [MASTER] Warning -- Mailer 14440 exited.(0)
[2015/03/03 14:10:04] [MASTER] Warning -- Mailer 14448 exited.(0)
[2015/03/03 14:10:04] [MASTER] Warning -- Mailer 14449 exited.(0)
[2015/03/03 14:10:04] [MASTER] Warning -- Mailer 14485 exited.(0)
[2015/03/03 14:10:04] [MASTER] Warning -- Mailer 14486 exited.(0)
[2015/03/03 14:10:04] [MASTER] Warning -- Mailer 14496 exited.(0)
[2015/03/03 14:10:04] [MASTER] Warning -- Mailer 14497 exited.(0)
[2015/03/03 14:10:04] [MASTER] Warning -- Mailer 14500 exited.(0)
[2015/03/03 14:10:04] [MASTER] Warning -- Mailer 14501 exited.(0)
[2015/03/03 14:10:04] [MASTER] Warning -- Mailer 14511 exited.(0)
[2015/03/03 14:10:04] [MASTER] Warning -- Mailer 14512 exited.(0)
[2015/03/03 14:10:04] [MASTER] Warning -- Mailer 14520 exited.(0)
[2015/03/03 14:10:04] [MASTER] Warning -- Mailer 14521 exited.(0)
[2015/03/03 14:10:04] [MASTER] Warning -- Mailer 14526 exited.(0)
[2015/03/03 14:10:04] [MASTER] Warning -- Mailer 14537 exited.(0)
[2015/03/03 14:10:04] [MASTER] Warning -- Mailer 14538 exited.(0)
[2015/03/03 14:10:04] [MASTER] Warning -- Mailer 14527 exited.(0)
[2015/03/03 14:10:04] [MASTER] Shutdown successfully.
[2015/03/03 14:20:03] [26103-54F55291.00070272] Error job run/54F55291.00070272 (mqueue_open:Permission denied).
[2015/03/03 14:30:03] [26031-54F554E9.0005614E] Error job run/54F554E9.0005614E (mqueue_open:Permission denied).
[2015/03/03 14:40:03] [26030-54F55741.00045764] Error job run/54F55741.00045764 (mqueue_open:Permission denied).
[2015/03/03 14:50:03] [26031-54F55999.00034AF0] Error job run/54F55999.00034AF0 (mqueue_open:Permission denied).
[2015/03/03 15:00:03] [26031-54F55BF1.00024580] Error job run/54F55BF1.00024580 (mqueue_open:Permission denied).
[2015/03/03 15:10:03] [26031-54F55E49.0001924B] Error job run/54F55E49.0001924B (mqueue_open:Permission denied).
[2015/03/03 15:10:03] [MASTER] Warning -- Mailer 25811 exited.(0)
[2015/03/03 15:10:03] [MASTER] Warning -- Mailer 25812 exited.(0)
[2015/03/03 15:10:03] [MASTER] Warning -- Mailer 25871 exited.(0)
[2015/03/03 15:10:03] [MASTER] Warning -- Mailer 25872 exited.(0)
[2015/03/03 15:10:03] [MASTER] Warning -- Mailer 25923 exited.(0)
[2015/03/03 15:10:03] [MASTER] Warning -- Mailer 25924 exited.(0)
[2015/03/03 15:10:03] [MASTER] Warning -- Mailer 25985 exited.(0)
[2015/03/03 15:10:03] [MASTER] Warning -- Mailer 25986 exited.(0)
[2015/03/03 15:10:03] [MASTER] Warning -- Mailer 25989 exited.(0)
[2015/03/03 15:10:03] [MASTER] Warning -- Mailer 25990 exited.(0)
[2015/03/03 15:10:03] [MASTER] Warning -- Mailer 26000 exited.(0)
[2015/03/03 15:10:03] [MASTER] Warning -- Mailer 26001 exited.(0)
[2015/03/03 15:10:03] [MASTER] Warning -- Mailer 26011 exited.(0)
[2015/03/03 15:10:03] [MASTER] Warning -- Mailer 26012 exited.(0)
[2015/03/03 15:10:03] [MASTER] Warning -- Mailer 26015 exited.(0)
[2015/03/03 15:10:03] [MASTER] Warning -- Mailer 26016 exited.(0)
[2015/03/03 15:10:03] [MASTER] Warning -- Mailer 26026 exited.(0)
[2015/03/03 15:10:03] [MASTER] Warning -- Mailer 26027 exited.(0)
[2015/03/03 15:10:03] [MASTER] Warning -- Mailer 26030 exited.(0)
[2015/03/03 15:10:03] [MASTER] Warning -- Mailer 26031 exited.(0)
[2015/03/03 15:10:03] [MASTER] Warning -- Mailer 26072 exited.(0)
[2015/03/03 15:10:03] [MASTER] Warning -- Mailer 26073 exited.(0)
[2015/03/03 15:10:03] [MASTER] Warning -- Mailer 26083 exited.(0)
[2015/03/03 15:10:03] [MASTER] Warning -- Mailer 26084 exited.(0)
[2015/03/03 15:10:03] [MASTER] Warning -- Mailer 26087 exited.(0)
[2015/03/03 15:10:03] [MASTER] Warning -- Mailer 26088 exited.(0)
[2015/03/03 15:10:03] [MASTER] Warning -- Mailer 26098 exited.(0)
[2015/03/03 15:10:03] [MASTER] Warning -- Mailer 26099 exited.(0)
[2015/03/03 15:10:03] [MASTER] Warning -- Mailer 26102 exited.(0)
[2015/03/03 15:10:03] [MASTER] Warning -- Mailer 26103 exited.(0)
[2015/03/03 15:10:03] [MASTER] Warning -- Mailer 26113 exited.(0)
[2015/03/03 15:10:03] [MASTER] Warning -- Mailer 26114 exited.(0)
[2015/03/03 15:10:03] [MASTER] Shutdown successfully.
[2015/03/03 15:20:02] [5224-54F560A1.000C59D8] Error job run/54F560A1.000C59D8 (mqueue_open:Permission denied).
[2015/03/03 15:30:02] [5151-54F562F9.000B8538] Error job run/54F562F9.000B8538 (mqueue_open:Permission denied).
[2015/03/03 15:40:02] [5224-54F56551.000BD035] Error job run/54F56551.000BD035 (mqueue_open:Permission denied).
[2015/03/03 15:50:02] [5151-54F567A9.000A6B06] Error job run/54F567A9.000A6B06 (mqueue_open:Permission denied).
[2015/03/03 16:00:02] [5152-54F56A01.000973C1] Error job run/54F56A01.000973C1 (mqueue_open:Permission denied).
[2015/03/03 16:10:02] [5224-54F56C59.00098552] Error job run/54F56C59.00098552 (mqueue_open:Permission denied).
[2015/03/03 16:10:03] [MASTER] Warning -- Mailer 5043 exited.(0)
[2015/03/03 16:10:03] [MASTER] Warning -- Mailer 5044 exited.(0)
[2015/03/03 16:10:03] [MASTER] Warning -- Mailer 5110 exited.(0)
[2015/03/03 16:10:03] [MASTER] Warning -- Mailer 5111 exited.(0)
[2015/03/03 16:10:03] [MASTER] Warning -- Mailer 5130 exited.(0)
[2015/03/03 16:10:03] [MASTER] Warning -- Mailer 5131 exited.(0)
[2015/03/03 16:10:03] [MASTER] Warning -- Mailer 5151 exited.(0)
[2015/03/03 16:10:03] [MASTER] Warning -- Mailer 5152 exited.(0)
[2015/03/03 16:10:03] [MASTER] Warning -- Mailer 5208 exited.(0)
[2015/03/03 16:10:03] [MASTER] Warning -- Mailer 5209 exited.(0)
[2015/03/03 16:10:03] [MASTER] Warning -- Mailer 5223 exited.(0)
[2015/03/03 16:10:03] [MASTER] Warning -- Mailer 5224 exited.(0)
[2015/03/03 16:10:03] [MASTER] Warning -- Mailer 4929 exited.(1)
[2015/03/03 16:10:03] [MASTER] Warning -- Mailer 4930 exited.(0)
[2015/03/03 16:10:03] [MASTER] Warning -- Mailer 4931 exited.(0)
[2015/03/03 16:10:03] [MASTER] Warning -- Mailer 4988 exited.(0)
[2015/03/03 16:10:03] [MASTER] Warning -- Mailer 4989 exited.(0)
[2015/03/03 16:10:03] [MASTER] Warning -- Mailer 5106 exited.(0)
[2015/03/03 16:10:03] [MASTER] Warning -- Mailer 5107 exited.(0)
[2015/03/03 16:10:03] [MASTER] Warning -- Mailer 5121 exited.(0)
[2015/03/03 16:10:03] [MASTER] Warning -- Mailer 5122 exited.(0)
[2015/03/03 16:10:03] [MASTER] Warning -- Mailer 5136 exited.(0)
[2015/03/03 16:10:03] [MASTER] Warning -- Mailer 5137 exited.(0)
[2015/03/03 16:10:03] [MASTER] Warning -- Mailer 5147 exited.(0)
[2015/03/03 16:10:03] [MASTER] Warning -- Mailer 5148 exited.(0)
[2015/03/03 16:10:03] [MASTER] Warning -- Mailer 5193 exited.(0)
[2015/03/03 16:10:03] [MASTER] Warning -- Mailer 5194 exited.(0)
[2015/03/03 16:10:03] [MASTER] Warning -- Mailer 5202 exited.(0)
[2015/03/03 16:10:03] [MASTER] Warning -- Mailer 5203 exited.(0)
[2015/03/03 16:10:03] [MASTER] Warning -- Mailer 5219 exited.(0)
[2015/03/03 16:10:03] [MASTER] Warning -- Mailer 5220 exited.(0)
[2015/03/03 16:10:03] [MASTER] Warning -- Mailer 5234 exited.(0)
[2015/03/03 16:10:03] [MASTER] Warning -- Mailer 5235 exited.(0)
[2015/03/03 16:10:06] [MASTER] Shutdown successfully.
[2015/03/03 16:20:03] [16732-54F56EB1.00061D48] Error job run/54F56EB1.00061D48 (mqueue_open:Permission denied).
[2015/03/03 16:30:03] [16659-54F57109.0005DE34] Error job run/54F57109.0005DE34 (mqueue_open:Permission denied).
[2015/03/03 16:40:03] [16659-54F57361.00056561] Error job run/54F57361.00056561 (mqueue_open:Permission denied).
[2015/03/03 16:50:03] [16659-54F575B9.00050BC7] Error job run/54F575B9.00050BC7 (mqueue_open:Permission denied).
[2015/03/03 17:00:03] [16659-54F57811.0003FEAB] Error job run/54F57811.0003FEAB (mqueue_open:Permission denied).
[2015/03/03 17:10:03] [16659-54F57A69.0003783A] Error job run/54F57A69.0003783A (mqueue_open:Permission denied).
[2015/03/03 17:10:03] [MASTER] Warning -- Mailer 16446 exited.(0)
[2015/03/03 17:10:03] [MASTER] Warning -- Mailer 16447 exited.(0)
[2015/03/03 17:10:03] [MASTER] Warning -- Mailer 16499 exited.(0)
[2015/03/03 17:10:03] [MASTER] Warning -- Mailer 16500 exited.(0)
[2015/03/03 17:10:03] [MASTER] Warning -- Mailer 16558 exited.(0)
[2015/03/03 17:10:03] [MASTER] Warning -- Mailer 16559 exited.(0)
[2015/03/03 17:10:03] [MASTER] Warning -- Mailer 16618 exited.(0)
[2015/03/03 17:10:03] [MASTER] Warning -- Mailer 16619 exited.(0)
[2015/03/03 17:10:03] [MASTER] Warning -- Mailer 16624 exited.(0)
[2015/03/03 17:10:03] [MASTER] Warning -- Mailer 16625 exited.(0)
[2015/03/03 17:10:03] [MASTER] Warning -- Mailer 16635 exited.(0)
[2015/03/03 17:10:03] [MASTER] Warning -- Mailer 16636 exited.(0)
[2015/03/03 17:10:03] [MASTER] Warning -- Mailer 16639 exited.(0)
[2015/03/03 17:10:03] [MASTER] Warning -- Mailer 16640 exited.(0)
[2015/03/03 17:10:03] [MASTER] Warning -- Mailer 16650 exited.(0)
[2015/03/03 17:10:03] [MASTER] Warning -- Mailer 16651 exited.(0)
[2015/03/03 17:10:03] [MASTER] Warning -- Mailer 16659 exited.(0)
[2015/03/03 17:10:03] [MASTER] Warning -- Mailer 16660 exited.(0)
[2015/03/03 17:10:03] [MASTER] Warning -- Mailer 16696 exited.(0)
[2015/03/03 17:10:03] [MASTER] Warning -- Mailer 16697 exited.(0)
[2015/03/03 17:10:03] [MASTER] Warning -- Mailer 16707 exited.(0)
[2015/03/03 17:10:03] [MASTER] Warning -- Mailer 16708 exited.(0)
[2015/03/03 17:10:03] [MASTER] Warning -- Mailer 16711 exited.(0)
[2015/03/03 17:10:03] [MASTER] Warning -- Mailer 16712 exited.(0)
[2015/03/03 17:10:03] [MASTER] Warning -- Mailer 16722 exited.(0)
[2015/03/03 17:10:03] [MASTER] Warning -- Mailer 16723 exited.(0)
[2015/03/03 17:10:03] [MASTER] Warning -- Mailer 16731 exited.(0)
[2015/03/03 17:10:03] [MASTER] Warning -- Mailer 16732 exited.(0)
[2015/03/03 17:10:03] [MASTER] Warning -- Mailer 16737 exited.(0)
[2015/03/03 17:10:03] [MASTER] Warning -- Mailer 16738 exited.(0)
[2015/03/03 17:10:03] [MASTER] Warning -- Mailer 16749 exited.(0)
[2015/03/03 17:10:03] [MASTER] Warning -- Mailer 16748 exited.(0)
[2015/03/03 17:10:03] [MASTER] Shutdown successfully.
[2015/03/03 17:20:02] [28249-54F57CC1.000F166A] Error job run/54F57CC1.000F166A (mqueue_open:Permission denied).
[2015/03/03 17:30:02] [28177-54F57F19.000DD96A] Error job run/54F57F19.000DD96A (mqueue_open:Permission denied).
[2015/03/03 17:40:02] [28177-54F58171.000C09BA] Error job run/54F58171.000C09BA (mqueue_open:Permission denied).
[2015/03/03 17:50:02] [28249-54F583C9.000A7533] Error job run/54F583C9.000A7533 (mqueue_open:Permission denied).
[2015/03/03 18:00:02] [28249-54F58621.0009B425] Error job run/54F58621.0009B425 (mqueue_open:Permission denied).
[2015/03/03 18:05:53] [28240-834140975-qq.com_1425377138.6773474.eml] Mail.RR <834140975_149_0@online-edm.com> -> <834140975@qq.com> (集享卡会员帐号激活/1543)[OK][MGHAM--0][MGTAGLOG ][utf-8]
[2015/03/03 18:10:02] [28229-54F58879.0008F4A6] Error job run/54F58879.0008F4A6 (mqueue_open:Permission denied).
[2015/03/03 18:10:03] [MASTER] Warning -- Mailer 27952 exited.(0)
[2015/03/03 18:10:03] [MASTER] Warning -- Mailer 27953 exited.(0)
[2015/03/03 18:10:03] [MASTER] Warning -- Mailer 28064 exited.(0)
[2015/03/03 18:10:03] [MASTER] Warning -- Mailer 28065 exited.(0)
[2015/03/03 18:10:03] [MASTER] Warning -- Mailer 28135 exited.(0)
[2015/03/03 18:10:03] [MASTER] Warning -- Mailer 28136 exited.(0)
[2015/03/03 18:10:03] [MASTER] Warning -- Mailer 28150 exited.(0)
[2015/03/03 18:10:03] [MASTER] Warning -- Mailer 28151 exited.(0)
[2015/03/03 18:10:03] [MASTER] Warning -- Mailer 28167 exited.(0)
[2015/03/03 18:10:03] [MASTER] Warning -- Mailer 28168 exited.(0)
[2015/03/03 18:10:03] [MASTER] Warning -- Mailer 28176 exited.(0)
[2015/03/03 18:10:03] [MASTER] Warning -- Mailer 28177 exited.(0)
[2015/03/03 18:10:03] [MASTER] Warning -- Mailer 28213 exited.(0)
[2015/03/03 18:10:03] [MASTER] Warning -- Mailer 28214 exited.(0)
[2015/03/03 18:10:03] [MASTER] Warning -- Mailer 28228 exited.(0)
[2015/03/03 18:10:03] [MASTER] Warning -- Mailer 28229 exited.(0)
[2015/03/03 18:10:03] [MASTER] Warning -- Mailer 28240 exited.(0)
[2015/03/03 18:10:03] [MASTER] Warning -- Mailer 28248 exited.(0)
[2015/03/03 18:10:03] [MASTER] Warning -- Mailer 28249 exited.(0)
[2015/03/03 18:10:03] [MASTER] Warning -- Mailer 27951 exited.(1)
[2015/03/03 18:10:03] [MASTER] Warning -- Mailer 28010 exited.(0)
[2015/03/03 18:10:03] [MASTER] Warning -- Mailer 28011 exited.(0)
[2015/03/03 18:10:03] [MASTER] Warning -- Mailer 28126 exited.(0)
[2015/03/03 18:10:03] [MASTER] Warning -- Mailer 28127 exited.(0)
[2015/03/03 18:10:03] [MASTER] Warning -- Mailer 28141 exited.(0)
[2015/03/03 18:10:03] [MASTER] Warning -- Mailer 28142 exited.(0)
[2015/03/03 18:10:03] [MASTER] Warning -- Mailer 28156 exited.(0)
[2015/03/03 18:10:03] [MASTER] Warning -- Mailer 28157 exited.(0)
[2015/03/03 18:10:03] [MASTER] Warning -- Mailer 28222 exited.(0)
[2015/03/03 18:10:03] [MASTER] Warning -- Mailer 28223 exited.(0)
[2015/03/03 18:10:03] [MASTER] Warning -- Mailer 28239 exited.(0)
[2015/03/03 18:10:03] [MASTER] Warning -- Mailer 28254 exited.(0)
[2015/03/03 18:10:03] [MASTER] Warning -- Mailer 28255 exited.(0)
[2015/03/03 18:10:06] [MASTER] Shutdown successfully.
[2015/03/03 18:20:03] [7476-54F58AD1.0005A7F2] Error job run/54F58AD1.0005A7F2 (mqueue_open:Permission denied).
[2015/03/03 18:30:03] [7476-54F58D29.0004A2CB] Error job run/54F58D29.0004A2CB (mqueue_open:Permission denied).
[2015/03/03 18:40:03] [7404-54F58F81.00047D74] Error job run/54F58F81.00047D74 (mqueue_open:Permission denied).
[2015/03/03 18:50:03] [7404-54F591D9.00039E76] Error job run/54F591D9.00039E76 (mqueue_open:Permission denied).
[2015/03/03 18:53:54] [7380-845217702-qq.com_1425380026.3735085.eml] Mail.RR <845217702_149_0@online-edm.com> -> <845217702@qq.com> (集享卡会员帐号激活/1540)[OK][MGHAM--0][MGTAGLOG ][utf-8]
[2015/03/03 19:00:03] [7476-54F59431.0002F33E] Error job run/54F59431.0002F33E (mqueue_open:Permission denied).
[2015/03/03 19:10:03] [7404-54F59689.00021943] Error job run/54F59689.00021943 (mqueue_open:Permission denied).
[2015/03/03 19:10:03] [MASTER] Warning -- Mailer 7190 exited.(0)
[2015/03/03 19:10:03] [MASTER] Warning -- Mailer 7191 exited.(0)
[2015/03/03 19:10:03] [MASTER] Warning -- Mailer 7302 exited.(0)
[2015/03/03 19:10:03] [MASTER] Warning -- Mailer 7303 exited.(0)
[2015/03/03 19:10:03] [MASTER] Warning -- Mailer 7379 exited.(0)
[2015/03/03 19:10:03] [MASTER] Warning -- Mailer 7380 exited.(0)
[2015/03/03 19:10:03] [MASTER] Warning -- Mailer 7403 exited.(0)
[2015/03/03 19:10:03] [MASTER] Warning -- Mailer 7404 exited.(0)
[2015/03/03 19:10:03] [MASTER] Warning -- Mailer 7451 exited.(0)
[2015/03/03 19:10:03] [MASTER] Warning -- Mailer 7452 exited.(0)
[2015/03/03 19:10:03] [MASTER] Warning -- Mailer 7466 exited.(0)
[2015/03/03 19:10:03] [MASTER] Warning -- Mailer 7467 exited.(0)
[2015/03/03 19:10:03] [MASTER] Warning -- Mailer 7476 exited.(0)
[2015/03/03 19:10:03] [MASTER] Warning -- Mailer 7492 exited.(0)
[2015/03/03 19:10:03] [MASTER] Warning -- Mailer 7493 exited.(0)
[2015/03/03 19:10:03] [MASTER] Warning -- Mailer 7243 exited.(0)
[2015/03/03 19:10:03] [MASTER] Warning -- Mailer 7244 exited.(0)
[2015/03/03 19:10:03] [MASTER] Warning -- Mailer 7362 exited.(0)
[2015/03/03 19:10:03] [MASTER] Warning -- Mailer 7363 exited.(0)
[2015/03/03 19:10:03] [MASTER] Warning -- Mailer 7368 exited.(0)
[2015/03/03 19:10:03] [MASTER] Warning -- Mailer 7369 exited.(0)
[2015/03/03 19:10:03] [MASTER] Warning -- Mailer 7383 exited.(0)
[2015/03/03 19:10:03] [MASTER] Warning -- Mailer 7384 exited.(0)
[2015/03/03 19:10:03] [MASTER] Warning -- Mailer 7394 exited.(0)
[2015/03/03 19:10:03] [MASTER] Warning -- Mailer 7440 exited.(0)
[2015/03/03 19:10:03] [MASTER] Warning -- Mailer 7441 exited.(0)
[2015/03/03 19:10:03] [MASTER] Warning -- Mailer 7455 exited.(0)
[2015/03/03 19:10:03] [MASTER] Warning -- Mailer 7456 exited.(0)
[2015/03/03 19:10:03] [MASTER] Warning -- Mailer 7475 exited.(0)
[2015/03/03 19:10:03] [MASTER] Warning -- Mailer 7481 exited.(0)
[2015/03/03 19:10:03] [MASTER] Warning -- Mailer 7482 exited.(0)
[2015/03/03 19:10:03] [MASTER] Warning -- Mailer 7395 exited.(0)
[2015/03/03 19:10:03] [MASTER] Shutdown successfully.
[2015/03/03 19:20:03] [19129-54F598E1.0006381D] Error job run/54F598E1.0006381D (mqueue_open:Permission denied).
[2015/03/03 19:25:03] [19129-1061775740-qq.com_1425381890.5615237.eml] Mail.RR <1061775740_149_0@online-edm.com> -> <1061775740@qq.com> (集享卡会员帐号激活/1544)[OK][MGHAM--0][MGTAGLOG ][utf-8]
[2015/03/03 19:30:03] [19057-54F59B39.0005B288] Error job run/54F59B39.0005B288 (mqueue_open:Permission denied).
[2015/03/03 19:40:03] [19129-54F59D91.00058909] Error job run/54F59D91.00058909 (mqueue_open:Permission denied).
[2015/03/03 19:50:03] [19057-54F59FE9.00045E3B] Error job run/54F59FE9.00045E3B (mqueue_open:Permission denied).
[2015/03/03 20:00:03] [19129-54F5A241.00038B56] Error job run/54F5A241.00038B56 (mqueue_open:Permission denied).
[2015/03/03 20:09:03] [19056-www.273427813-qq.com_1425384432.7245805.eml] Mail.RR <www.273427813_149_0@stnc.cn> -> <www.273427813@qq.com> (集享卡会员帐号激活/1549)[OK][MGHAM--0][MGTAGLOG ][utf-8]
[2015/03/03 20:09:03] [19104-1049608078-qq.com_1425384518.4265716.eml] Mail.RR <1049608078_149_0@online-edm.com> -> <1049608078@qq.com> (集享卡会员帐号激活/1540)[OK][MGHAM--0][MGTAGLOG ][utf-8]
[2015/03/03 20:10:03] [MASTER] Warning -- Mailer 18892 exited.(0)
[2015/03/03 20:10:03] [MASTER] Warning -- Mailer 18893 exited.(0)
[2015/03/03 20:10:03] [MASTER] Warning -- Mailer 19011 exited.(0)
[2015/03/03 20:10:03] [MASTER] Warning -- Mailer 19012 exited.(0)
[2015/03/03 20:10:03] [MASTER] Warning -- Mailer 19015 exited.(0)
[2015/03/03 20:10:03] [MASTER] Warning -- Mailer 19016 exited.(0)
[2015/03/03 20:10:03] [MASTER] Warning -- Mailer 19032 exited.(0)
[2015/03/03 20:10:03] [MASTER] Warning -- Mailer 19033 exited.(0)
[2015/03/03 20:10:03] [MASTER] Warning -- Mailer 19056 exited.(0)
[2015/03/03 20:10:03] [MASTER] Warning -- Mailer 19057 exited.(0)
[2015/03/03 20:10:03] [MASTER] Warning -- Mailer 19104 exited.(0)
[2015/03/03 20:10:03] [MASTER] Warning -- Mailer 19105 exited.(0)
[2015/03/03 20:10:03] [MASTER] Warning -- Mailer 19124 exited.(0)
[2015/03/03 20:10:03] [MASTER] Warning -- Mailer 19125 exited.(0)
[2015/03/03 20:10:03] [MASTER] Warning -- Mailer 19128 exited.(0)
[2015/03/03 20:10:03] [MASTER] Warning -- Mailer 19129 exited.(0)
[2015/03/03 20:10:03] [MASTER] Warning -- Mailer 18837 exited.(0)
[2015/03/03 20:10:03] [MASTER] Warning -- Mailer 18838 exited.(0)
[2015/03/03 20:10:03] [MASTER] Warning -- Mailer 18949 exited.(0)
[2015/03/03 20:10:03] [MASTER] Warning -- Mailer 18950 exited.(0)
[2015/03/03 20:10:03] [MASTER] Warning -- Mailer 19026 exited.(0)
[2015/03/03 20:10:03] [MASTER] Warning -- Mailer 19027 exited.(0)
[2015/03/03 20:10:03] [MASTER] Warning -- Mailer 19041 exited.(0)
[2015/03/03 20:10:03] [MASTER] Warning -- Mailer 19042 exited.(0)
[2015/03/03 20:10:03] [MASTER] Warning -- Mailer 19052 exited.(0)
[2015/03/03 20:10:03] [MASTER] Warning -- Mailer 19053 exited.(0)
[2015/03/03 20:10:03] [MASTER] Warning -- Mailer 19098 exited.(0)
[2015/03/03 20:10:03] [MASTER] Warning -- Mailer 19099 exited.(0)
[2015/03/03 20:10:03] [MASTER] Warning -- Mailer 19113 exited.(0)
[2015/03/03 20:10:03] [MASTER] Warning -- Mailer 19114 exited.(0)
[2015/03/03 20:10:03] [MASTER] Warning -- Mailer 19139 exited.(0)
[2015/03/03 20:10:03] [MASTER] Warning -- Mailer 19140 exited.(0)
[2015/03/03 20:10:03] [MASTER] Shutdown successfully.
[2015/03/03 20:10:06] [30524-54F5A499.0003DB44] Error job run/54F5A499.0003DB44 (mqueue_open:Permission denied).
[2015/03/03 20:20:03] [30823-54F5A6F1.000E9D68] Error job run/54F5A6F1.000E9D68 (mqueue_open:Permission denied).
[2015/03/03 20:30:03] [30751-54F5A949.000DAF5A] Error job run/54F5A949.000DAF5A (mqueue_open:Permission denied).
[2015/03/03 20:40:03] [30751-54F5ABA1.0000A88C] Error job run/54F5ABA1.0000A88C (mqueue_open:Permission denied).
[2015/03/03 20:50:03] [30823-54F5ADF9.00005D22] Error job run/54F5ADF9.00005D22 (mqueue_open:Permission denied).
[2015/03/03 21:00:03] [30751-54F5B051.000ED1E3] Error job run/54F5B051.000ED1E3 (mqueue_open:Permission denied).
[2015/03/03 21:10:03] [30823-54F5B2A9.000EC739] Error job run/54F5B2A9.000EC739 (mqueue_open:Permission denied).
[2015/03/03 21:10:04] [MASTER] Warning -- Mailer 30643 exited.(0)
[2015/03/03 21:10:04] [MASTER] Warning -- Mailer 30644 exited.(0)
[2015/03/03 21:10:04] [MASTER] Warning -- Mailer 30709 exited.(0)
[2015/03/03 21:10:04] [MASTER] Warning -- Mailer 30710 exited.(0)
[2015/03/03 21:10:04] [MASTER] Warning -- Mailer 30726 exited.(0)
[2015/03/03 21:10:04] [MASTER] Warning -- Mailer 30727 exited.(0)
[2015/03/03 21:10:04] [MASTER] Warning -- Mailer 30750 exited.(0)
[2015/03/03 21:10:04] [MASTER] Warning -- Mailer 30751 exited.(0)
[2015/03/03 21:10:04] [MASTER] Warning -- Mailer 30807 exited.(0)
[2015/03/03 21:10:04] [MASTER] Warning -- Mailer 30808 exited.(0)
[2015/03/03 21:10:04] [MASTER] Warning -- Mailer 30822 exited.(0)
[2015/03/03 21:10:04] [MASTER] Warning -- Mailer 30823 exited.(0)
[2015/03/03 21:10:04] [MASTER] Warning -- Mailer 30523 exited.(1)
[2015/03/03 21:10:04] [MASTER] Warning -- Mailer 30524 exited.(0)
[2015/03/03 21:10:04] [MASTER] Warning -- Mailer 30525 exited.(0)
[2015/03/03 21:10:04] [MASTER] Warning -- Mailer 30532 exited.(0)
[2015/03/03 21:10:04] [MASTER] Warning -- Mailer 30533 exited.(0)
[2015/03/03 21:10:04] [MASTER] Warning -- Mailer 30586 exited.(0)
[2015/03/03 21:10:04] [MASTER] Warning -- Mailer 30587 exited.(0)
[2015/03/03 21:10:04] [MASTER] Warning -- Mailer 30700 exited.(0)
[2015/03/03 21:10:04] [MASTER] Warning -- Mailer 30701 exited.(0)
[2015/03/03 21:10:04] [MASTER] Warning -- Mailer 30715 exited.(0)
[2015/03/03 21:10:04] [MASTER] Warning -- Mailer 30716 exited.(0)
[2015/03/03 21:10:04] [MASTER] Warning -- Mailer 30735 exited.(0)
[2015/03/03 21:10:04] [MASTER] Warning -- Mailer 30736 exited.(0)
[2015/03/03 21:10:04] [MASTER] Warning -- Mailer 30741 exited.(0)
[2015/03/03 21:10:04] [MASTER] Warning -- Mailer 30742 exited.(0)
[2015/03/03 21:10:04] [MASTER] Warning -- Mailer 30787 exited.(0)
[2015/03/03 21:10:04] [MASTER] Warning -- Mailer 30788 exited.(0)
[2015/03/03 21:10:04] [MASTER] Warning -- Mailer 30798 exited.(0)
[2015/03/03 21:10:04] [MASTER] Warning -- Mailer 30799 exited.(0)
[2015/03/03 21:10:04] [MASTER] Warning -- Mailer 30813 exited.(0)
[2015/03/03 21:10:04] [MASTER] Warning -- Mailer 30814 exited.(0)
[2015/03/03 21:10:07] [MASTER] Shutdown successfully.
[2015/03/03 21:20:03] [9951-54F5B501.000B482A] Error job run/54F5B501.000B482A (mqueue_open:Permission denied).
[2015/03/03 21:30:03] [9951-54F5B759.000A2A1F] Error job run/54F5B759.000A2A1F (mqueue_open:Permission denied).
[2015/03/03 21:40:03] [9951-54F5B9B1.000B71A8] Error job run/54F5B9B1.000B71A8 (mqueue_open:Permission denied).
[2015/03/03 21:50:03] [9951-54F5BC09.000AC56E] Error job run/54F5BC09.000AC56E (mqueue_open:Permission denied).
[2015/03/03 22:00:03] [9879-54F5BE61.00099764] Error job run/54F5BE61.00099764 (mqueue_open:Permission denied).
[2015/03/03 22:10:03] [9951-54F5C0B9.0008F593] Error job run/54F5C0B9.0008F593 (mqueue_open:Permission denied).
[2015/03/03 22:10:04] [MASTER] Warning -- Mailer 9665 exited.(0)
[2015/03/03 22:10:04] [MASTER] Warning -- Mailer 9666 exited.(0)
[2015/03/03 22:10:04] [MASTER] Warning -- Mailer 9723 exited.(0)
[2015/03/03 22:10:04] [MASTER] Warning -- Mailer 9724 exited.(0)
[2015/03/03 22:10:04] [MASTER] Warning -- Mailer 9837 exited.(0)
[2015/03/03 22:10:04] [MASTER] Warning -- Mailer 9838 exited.(0)
[2015/03/03 22:10:04] [MASTER] Warning -- Mailer 9854 exited.(0)
[2015/03/03 22:10:04] [MASTER] Warning -- Mailer 9855 exited.(0)
[2015/03/03 22:10:04] [MASTER] Warning -- Mailer 9878 exited.(0)
[2015/03/03 22:10:04] [MASTER] Warning -- Mailer 9879 exited.(0)
[2015/03/03 22:10:04] [MASTER] Warning -- Mailer 9926 exited.(0)
[2015/03/03 22:10:04] [MASTER] Warning -- Mailer 9927 exited.(0)
[2015/03/03 22:10:04] [MASTER] Warning -- Mailer 9935 exited.(0)
[2015/03/03 22:10:04] [MASTER] Warning -- Mailer 9936 exited.(0)
[2015/03/03 22:10:04] [MASTER] Warning -- Mailer 9950 exited.(0)
[2015/03/03 22:10:04] [MASTER] Warning -- Mailer 9951 exited.(0)
[2015/03/03 22:10:04] [MASTER] Warning -- Mailer 9969 exited.(0)
[2015/03/03 22:10:04] [MASTER] Warning -- Mailer 9970 exited.(0)
[2015/03/03 22:10:04] [MASTER] Warning -- Mailer 9664 exited.(1)
[2015/03/03 22:10:04] [MASTER] Warning -- Mailer 9777 exited.(0)
[2015/03/03 22:10:04] [MASTER] Warning -- Mailer 9778 exited.(0)
[2015/03/03 22:10:04] [MASTER] Warning -- Mailer 9848 exited.(0)
[2015/03/03 22:10:04] [MASTER] Warning -- Mailer 9849 exited.(0)
[2015/03/03 22:10:04] [MASTER] Warning -- Mailer 9863 exited.(0)
[2015/03/03 22:10:04] [MASTER] Warning -- Mailer 9864 exited.(0)
[2015/03/03 22:10:04] [MASTER] Warning -- Mailer 9869 exited.(0)
[2015/03/03 22:10:04] [MASTER] Warning -- Mailer 9920 exited.(0)
[2015/03/03 22:10:04] [MASTER] Warning -- Mailer 9921 exited.(0)
[2015/03/03 22:10:04] [MASTER] Warning -- Mailer 9941 exited.(0)
[2015/03/03 22:10:04] [MASTER] Warning -- Mailer 9942 exited.(0)
[2015/03/03 22:10:04] [MASTER] Warning -- Mailer 9962 exited.(0)
[2015/03/03 22:10:04] [MASTER] Warning -- Mailer 9963 exited.(0)
[2015/03/03 22:10:04] [MASTER] Warning -- Mailer 9870 exited.(0)
[2015/03/03 22:10:07] [MASTER] Shutdown successfully.
[2015/03/03 22:20:03] [21529-54F5C311.000DAC03] Error job run/54F5C311.000DAC03 (mqueue_open:Permission denied).
[2015/03/03 22:30:03] [21529-54F5C569.000C669B] Error job run/54F5C569.000C669B (mqueue_open:Permission denied).
[2015/03/03 22:40:03] [21457-54F5C7C1.000CB07E] Error job run/54F5C7C1.000CB07E (mqueue_open:Permission denied).
[2015/03/03 22:50:03] [21529-54F5CA19.000B3A25] Error job run/54F5CA19.000B3A25 (mqueue_open:Permission denied).
